# JRE version: OpenJDK Runtime Environment (17.0.9) (build 17.0.9+0--11185874)
# Java VM: OpenJDK 64-Bit Server VM (17.0.9+0--11185874, mixed mode, tiered, compressed oops, compressed class ptrs, g1 gc, windows-amd64)
GC Precious Log:
 CPUs: 8 total, 8 available
 Memory: 8029M
 Large Page Support: Disabled
 NUMA Support: Disabled
 Compressed Oops: Enabled (32-bit)
 Heap Region Size: 1M
 Heap Min Capacity: 8M
 Heap Initial Capacity: 126M
 Heap Max Capacity: 2G
 Pre-touch: Disabled
 Parallel Workers: 8
 Concurrent Workers: 2
 Concurrent Refinement Workers: 8
 Periodic GC: Disabled
Heap:
 garbage-first heap   total 71680K, used 46338K [0x0000000080000000, 0x0000000100000000)
  region size 1024K, 11 young (11264K), 3 survivors (3072K)
 Metaspace       used 34503K, committed 34880K, reserved 1114112K
  class space    used 4731K, committed 4928K, reserved 1048576K
GC Heap History (16 events):
Event: 0.737 GC heap before
{Heap before GC invocations=0 (full 0):
 garbage-first heap   total 129024K, used 26624K [0x0000000080000000, 0x0000000100000000)
  region size 1024K, 23 young (23552K), 0 survivors (0K)
 Metaspace       used 10525K, committed 10624K, reserved 1114112K
  class space    used 1094K, committed 1152K, reserved 1048576K
}
Event: 0.742 GC heap after
{Heap after GC invocations=1 (full 0):
 garbage-first heap   total 129024K, used 10372K [0x0000000080000000, 0x0000000100000000)
  region size 1024K, 3 young (3072K), 3 survivors (3072K)
 Metaspace       used 10525K, committed 10624K, reserved 1114112K
  class space    used 1094K, committed 1152K, reserved 1048576K
}
Event: 1.173 GC heap before
{Heap before GC invocations=1 (full 0):
 garbage-first heap   total 129024K, used 39044K [0x0000000080000000, 0x0000000100000000)
  region size 1024K, 31 young (31744K), 3 survivors (3072K)
 Metaspace       used 11487K, committed 11648K, reserved 1114112K
  class space    used 1200K, committed 1280K, reserved 1048576K
}
Event: 1.176 GC heap after
{Heap after GC invocations=2 (full 0):
 garbage-first heap   total 129024K, used 12885K [0x0000000080000000, 0x0000000100000000)
  region size 1024K, 3 young (3072K), 3 survivors (3072K)
 Metaspace       used 11487K, committed 11648K, reserved 1114112K
  class space    used 1200K, committed 1280K, reserved 1048576K
}
Event: 2.044 GC heap before
{Heap before GC invocations=2 (full 0):
 garbage-first heap   total 129024K, used 57941K [0x0000000080000000, 0x0000000100000000)
  region size 1024K, 47 young (48128K), 3 survivors (3072K)
 Metaspace       used 21289K, committed 21504K, reserved 1114112K
  class space    used 2523K, committed 2624K, reserved 1048576K
}
Event: 2.050 GC heap after
{Heap after GC invocations=3 (full 0):
 garbage-first heap   total 129024K, used 18862K [0x0000000080000000, 0x0000000100000000)
  region size 1024K, 9 young (9216K), 9 survivors (9216K)
 Metaspace       used 21289K, committed 21504K, reserved 1114112K
  class space    used 2523K, committed 2624K, reserved 1048576K
}
Event: 2.530 GC heap before
{Heap before GC invocations=4 (full 0):
 garbage-first heap   total 71680K, used 51630K [0x0000000080000000, 0x0000000100000000)
  region size 1024K, 42 young (43008K), 9 survivors (9216K)
 Metaspace       used 26572K, committed 26944K, reserved 1114112K
  class space    used 3424K, committed 3584K, reserved 1048576K
}
Event: 2.535 GC heap after
{Heap after GC invocations=5 (full 0):
 garbage-first heap   total 71680K, used 20509K [0x0000000080000000, 0x0000000100000000)
  region size 1024K, 2 young (2048K), 2 survivors (2048K)
 Metaspace       used 26572K, committed 26944K, reserved 1114112K
  class space    used 3424K, committed 3584K, reserved 1048576K
}
Event: 2.547 GC heap before
{Heap before GC invocations=5 (full 0):
 garbage-first heap   total 71680K, used 21533K [0x0000000080000000, 0x0000000100000000)
  region size 1024K, 3 young (3072K), 2 survivors (2048K)
 Metaspace       used 26755K, committed 27072K, reserved 1114112K
  class space    used 3448K, committed 3584K, reserved 1048576K
}
Event: 2.549 GC heap after
{Heap after GC invocations=6 (full 0):
 garbage-first heap   total 71680K, used 21021K [0x0000000080000000, 0x0000000100000000)
  region size 1024K, 1 young (1024K), 1 survivors (1024K)
 Metaspace       used 26755K, committed 27072K, reserved 1114112K
  class space    used 3448K, committed 3584K, reserved 1048576K
}
Event: 2.952 GC heap before
{Heap before GC invocations=6 (full 0):
 garbage-first heap   total 71680K, used 49693K [0x0000000080000000, 0x0000000100000000)
  region size 1024K, 29 young (29696K), 1 survivors (1024K)
 Metaspace       used 30760K, committed 31104K, reserved 1114112K
  class space    used 4129K, committed 4288K, reserved 1048576K
}
Event: 2.954 GC heap after
{Heap after GC invocations=7 (full 0):
 garbage-first heap   total 71680K, used 22412K [0x0000000080000000, 0x0000000100000000)
  region size 1024K, 2 young (2048K), 2 survivors (2048K)
 Metaspace       used 30760K, committed 31104K, reserved 1114112K
  class space    used 4129K, committed 4288K, reserved 1048576K
}
Event: 3.080 GC heap before
{Heap before GC invocations=7 (full 0):
 garbage-first heap   total 71680K, used 35724K [0x0000000080000000, 0x0000000100000000)
  region size 1024K, 9 young (9216K), 2 survivors (2048K)
 Metaspace       used 31161K, committed 31488K, reserved 1114112K
  class space    used 4203K, committed 4352K, reserved 1048576K
}
Event: 3.083 GC heap after
{Heap after GC invocations=8 (full 0):
 garbage-first heap   total 71680K, used 33238K [0x0000000080000000, 0x0000000100000000)
  region size 1024K, 4 young (4096K), 4 survivors (4096K)
 Metaspace       used 31161K, committed 31488K, reserved 1114112K
  class space    used 4203K, committed 4352K, reserved 1048576K
}
Event: 3.598 GC heap before
{Heap before GC invocations=8 (full 0):
 garbage-first heap   total 71680K, used 55766K [0x0000000080000000, 0x0000000100000000)
  region size 1024K, 24 young (24576K), 4 survivors (4096K)
 Metaspace       used 33487K, committed 33856K, reserved 1114112K
  class space    used 4572K, committed 4736K, reserved 1048576K
}
Event: 3.602 GC heap after
{Heap after GC invocations=9 (full 0):
 garbage-first heap   total 71680K, used 39170K [0x0000000080000000, 0x0000000100000000)
  region size 1024K, 3 young (3072K), 3 survivors (3072K)
 Metaspace       used 33487K, committed 33856K, reserved 1114112K
  class space    used 4572K, committed 4736K, reserved 1048576K
}

