# JRE version: OpenJDK Runtime Environment (17.0.9) (build 17.0.9+0--11185874)
# Java VM: OpenJDK 64-Bit Server VM (17.0.9+0--11185874, mixed mode, tiered, compressed oops, compressed class ptrs, g1 gc, windows-amd64)
GC Precious Log:
 CPUs: 8 total, 8 available
 Memory: 8029M
 Large Page Support: Disabled
 NUMA Support: Disabled
 Compressed Oops: Enabled (32-bit)
 Heap Region Size: 1M
 Heap Min Capacity: 8M
 Heap Initial Capacity: 126M
 Heap Max Capacity: 2G
 Pre-touch: Disabled
 Parallel Workers: 8
 Concurrent Workers: 2
 Concurrent Refinement Workers: 8
 Periodic GC: Disabled
Heap:
 garbage-first heap   total 87040K, used 52948K [0x0000000080000000, 0x0000000100000000)
  region size 1024K, 9 young (9216K), 2 survivors (2048K)
 Metaspace       used 47618K, committed 48064K, reserved 1114112K
  class space    used 6344K, committed 6528K, reserved 1048576K
GC Heap History (20 events):
Event: 2.938 GC heap before
{Heap before GC invocations=2 (full 0):
 garbage-first heap   total 129024K, used 57557K [0x0000000080000000, 0x0000000100000000)
  region size 1024K, 46 young (47104K), 2 survivors (2048K)
 Metaspace       used 21288K, committed 21504K, reserved 1114112K
  class space    used 2524K, committed 2624K, reserved 1048576K
}
Event: 2.944 GC heap after
{Heap after GC invocations=3 (full 0):
 garbage-first heap   total 129024K, used 19303K [0x0000000080000000, 0x0000000100000000)
  region size 1024K, 9 young (9216K), 9 survivors (9216K)
 Metaspace       used 21288K, committed 21504K, reserved 1114112K
  class space    used 2524K, committed 2624K, reserved 1048576K
}
Event: 3.674 GC heap before
{Heap before GC invocations=4 (full 0):
 garbage-first heap   total 71680K, used 52071K [0x0000000080000000, 0x0000000100000000)
  region size 1024K, 42 young (43008K), 9 survivors (9216K)
 Metaspace       used 26601K, committed 26944K, reserved 1114112K
  class space    used 3431K, committed 3584K, reserved 1048576K
}
Event: 3.681 GC heap after
{Heap after GC invocations=5 (full 0):
 garbage-first heap   total 71680K, used 21104K [0x0000000080000000, 0x0000000100000000)
  region size 1024K, 3 young (3072K), 3 survivors (3072K)
 Metaspace       used 26601K, committed 26944K, reserved 1114112K
  class space    used 3431K, committed 3584K, reserved 1048576K
}
Event: 4.122 GC heap before
{Heap before GC invocations=5 (full 0):
 garbage-first heap   total 71680K, used 49776K [0x0000000080000000, 0x0000000100000000)
  region size 1024K, 31 young (31744K), 3 survivors (3072K)
 Metaspace       used 30584K, committed 30848K, reserved 1114112K
  class space    used 4106K, committed 4224K, reserved 1048576K
}
Event: 4.125 GC heap after
{Heap after GC invocations=6 (full 0):
 garbage-first heap   total 71680K, used 22570K [0x0000000080000000, 0x0000000100000000)
  region size 1024K, 4 young (4096K), 4 survivors (4096K)
 Metaspace       used 30584K, committed 30848K, reserved 1114112K
  class space    used 4106K, committed 4224K, reserved 1048576K
}
Event: 4.669 GC heap before
{Heap before GC invocations=6 (full 0):
 garbage-first heap   total 71680K, used 59434K [0x0000000080000000, 0x0000000100000000)
  region size 1024K, 31 young (31744K), 4 survivors (4096K)
 Metaspace       used 33404K, committed 33728K, reserved 1114112K
  class space    used 4570K, committed 4736K, reserved 1048576K
}
Event: 4.673 GC heap after
{Heap after GC invocations=7 (full 0):
 garbage-first heap   total 71680K, used 38993K [0x0000000080000000, 0x0000000100000000)
  region size 1024K, 5 young (5120K), 5 survivors (5120K)
 Metaspace       used 33404K, committed 33728K, reserved 1114112K
  class space    used 4570K, committed 4736K, reserved 1048576K
}
Event: 4.917 GC heap before
{Heap before GC invocations=7 (full 0):
 garbage-first heap   total 71680K, used 56401K [0x0000000080000000, 0x0000000100000000)
  region size 1024K, 22 young (22528K), 5 survivors (5120K)
 Metaspace       used 35621K, committed 35968K, reserved 1114112K
  class space    used 4913K, committed 5056K, reserved 1048576K
}
Event: 4.920 GC heap after
{Heap after GC invocations=8 (full 0):
 garbage-first heap   total 71680K, used 39848K [0x0000000080000000, 0x0000000100000000)
  region size 1024K, 1 young (1024K), 1 survivors (1024K)
 Metaspace       used 35621K, committed 35968K, reserved 1114112K
  class space    used 4913K, committed 5056K, reserved 1048576K
}
Event: 5.322 GC heap before
{Heap before GC invocations=9 (full 0):
 garbage-first heap   total 71680K, used 57256K [0x0000000080000000, 0x0000000100000000)
  region size 1024K, 18 young (18432K), 1 survivors (1024K)
 Metaspace       used 38478K, committed 38976K, reserved 1114112K
  class space    used 5346K, committed 5568K, reserved 1048576K
}
Event: 5.325 GC heap after
{Heap after GC invocations=10 (full 0):
 garbage-first heap   total 71680K, used 40830K [0x0000000080000000, 0x0000000100000000)
  region size 1024K, 2 young (2048K), 2 survivors (2048K)
 Metaspace       used 38478K, committed 38976K, reserved 1114112K
  class space    used 5346K, committed 5568K, reserved 1048576K
}
Event: 5.613 GC heap before
{Heap before GC invocations=11 (full 0):
 garbage-first heap   total 71680K, used 56190K [0x0000000080000000, 0x0000000100000000)
  region size 1024K, 18 young (18432K), 2 survivors (2048K)
 Metaspace       used 42746K, committed 43136K, reserved 1114112K
  class space    used 5763K, committed 5952K, reserved 1048576K
}
Event: 5.615 GC heap after
{Heap after GC invocations=12 (full 0):
 garbage-first heap   total 71680K, used 42705K [0x0000000080000000, 0x0000000100000000)
  region size 1024K, 3 young (3072K), 3 survivors (3072K)
 Metaspace       used 42746K, committed 43136K, reserved 1114112K
  class space    used 5763K, committed 5952K, reserved 1048576K
}
Event: 5.744 GC heap before
{Heap before GC invocations=12 (full 0):
 garbage-first heap   total 71680K, used 57041K [0x0000000080000000, 0x0000000100000000)
  region size 1024K, 18 young (18432K), 3 survivors (3072K)
 Metaspace       used 43405K, committed 43840K, reserved 1114112K
  class space    used 5822K, committed 6016K, reserved 1048576K
}
Event: 5.746 GC heap after
{Heap after GC invocations=13 (full 0):
 garbage-first heap   total 71680K, used 45129K [0x0000000080000000, 0x0000000100000000)
  region size 1024K, 3 young (3072K), 3 survivors (3072K)
 Metaspace       used 43405K, committed 43840K, reserved 1114112K
  class space    used 5822K, committed 6016K, reserved 1048576K
}
Event: 5.841 GC heap before
{Heap before GC invocations=14 (full 0):
 garbage-first heap   total 83968K, used 55369K [0x0000000080000000, 0x0000000100000000)
  region size 1024K, 15 young (15360K), 3 survivors (3072K)
 Metaspace       used 43865K, committed 44288K, reserved 1114112K
  class space    used 5870K, committed 6080K, reserved 1048576K
}
Event: 5.843 GC heap after
{Heap after GC invocations=15 (full 0):
 garbage-first heap   total 83968K, used 45648K [0x0000000080000000, 0x0000000100000000)
  region size 1024K, 2 young (2048K), 2 survivors (2048K)
 Metaspace       used 43865K, committed 44288K, reserved 1114112K
  class space    used 5870K, committed 6080K, reserved 1048576K
}
Event: 6.200 GC heap before
{Heap before GC invocations=16 (full 0):
 garbage-first heap   total 87040K, used 71248K [0x0000000080000000, 0x0000000100000000)
  region size 1024K, 22 young (22528K), 2 survivors (2048K)
 Metaspace       used 46821K, committed 47232K, reserved 1114112K
  class space    used 6211K, committed 6400K, reserved 1048576K
}
Event: 6.202 GC heap after
{Heap after GC invocations=17 (full 0):
 garbage-first heap   total 87040K, used 46804K [0x0000000080000000, 0x0000000100000000)
  region size 1024K, 2 young (2048K), 2 survivors (2048K)
 Metaspace       used 46821K, committed 47232K, reserved 1114112K
  class space    used 6211K, committed 6400K, reserved 1048576K
}

